<?xml version="1.0" encoding="UTF-8"?>
<!-- Generated by org.testng.reporters.JUnitXMLReporter -->
<testsuite hostname="HIBACL44126" name="Test" tests="4" failures="0" timestamp="5 Apr 2019 09:09:56 GMT" time="94.892" errors="0">
  <testcase name="basePageNavigation" time="36.084" classname="Academy.HomePage"/>
  <testcase name="basePageNavigation" time="32.24" classname="Academy.HomePage"/>
  <testcase name="titleValidation" time="0.166" classname="Academy.ValidateTitle"/>
  <testcase name="NavigationValidation" time="0.083" classname="Academy.ValidateNavigationBar"/>
</testsuite> <!-- Test -->
