<?xml version="1.0" encoding="UTF-8"?>
<!-- Generated by org.testng.reporters.JUnitXMLReporter -->
<testsuite hostname="HIBACL44126" name="ValidateTitleTest" tests="1" failures="1" timestamp="3 May 2019 09:17:28 GMT" time="15.486" errors="0">
  <testcase name="titleValidation" time="0.162" classname="Academy.ValidateTitle">
    <failure type="java.lang.AssertionError" message="expected [FEATURED COURSES123] but found [FEATURED COURSES]">
      <![CDATA[java.lang.AssertionError: expected [FEATURED COURSES123] but found [FEATURED COURSES]
	at Academy.ValidateTitle.titleValidation(ValidateTitle.java:38)
... Removed 29 stack frames]]>
    </failure>
  </testcase> <!-- titleValidation -->
</testsuite> <!-- ValidateTitleTest -->
