<?xml version="1.0" encoding="UTF-8"?>
<!-- Generated by org.testng.reporters.JUnitXMLReporter -->
<testsuite hostname="HIBACL44126" name="Test" tests="4" failures="0" timestamp="16 Apr 2019 09:37:17 GMT" time="93.201" errors="0">
  <testcase name="basePageNavigation" time="36.781" classname="Academy.HomePage"/>
  <testcase name="basePageNavigation" time="20.043" classname="Academy.HomePage"/>
  <testcase name="titleValidation" time="0.105" classname="Academy.ValidateTitle"/>
  <testcase name="NavigationValidation" time="0.103" classname="Academy.ValidateNavigationBar"/>
</testsuite> <!-- Test -->
