<?xml version="1.0" encoding="UTF-8"?>
<testsuite xmlns:xsi="http://www.w3.org/2001/XMLSchema-instance" xsi:noNamespaceSchemaLocation="https://maven.apache.org/surefire/maven-surefire-plugin/xsd/surefire-test-report.xsd" name="TestSuite" time="94.908" tests="4" errors="0" skipped="0" failures="0">
  <properties>
[...]
</properties>
  <testcase name="basePageNavigation" classname="Academy.HomePage" time="36.781"/>
  <testcase name="basePageNavigation" classname="Academy.HomePage" time="20.042"/>
  <testcase name="titleValidation" classname="Academy.ValidateTitle" time="0.103"/>
  <testcase name="NavigationValidation" classname="Academy.ValidateNavigationBar" time="0.104"/>
</testsuite>