<?xml version="1.0" encoding="UTF-8"?>
<testng-results skipped="0" failed="0" total="1" passed="1">
  <reporter-output>
  </reporter-output>
  <suite name="Default suite" duration-ms="49" started-at="2020-02-05T10:47:31Z" finished-at="2020-02-05T10:47:31Z">
    <groups>
    </groups>
    <test name="Default test" duration-ms="49" started-at="2020-02-05T10:47:31Z" finished-at="2020-02-05T10:47:31Z">
      <class name="JavaPrograms.FactorialRecursive">
        <test-method status="PASS" signature="factorialNo()[pri:0, instance:JavaPrograms.FactorialRecursive@28feb3fa]" name="factorialNo" duration-ms="17" started-at="2020-02-05T16:17:31Z" finished-at="2020-02-05T16:17:31Z">
          <reporter-output>
          </reporter-output>
        </test-method> <!-- factorialNo -->
      </class> <!-- JavaPrograms.FactorialRecursive -->
    </test> <!-- Default test -->
  </suite> <!-- Default suite -->
</testng-results>
